c:\users\user\source\repos\курсовая_3_семестр\жд_станция\debug\vc142.pdb
c:\users\user\source\repos\курсовая_3_семестр\жд_станция\debug\vc142.idb
c:\users\user\source\repos\курсовая_3_семестр\жд_станция\debug\user_mod_ticket.obj
c:\users\user\source\repos\курсовая_3_семестр\жд_станция\debug\user_mod_buying.obj
c:\users\user\source\repos\курсовая_3_семестр\жд_станция\debug\ticket.obj
c:\users\user\source\repos\курсовая_3_семестр\жд_станция\debug\station.obj
c:\users\user\source\repos\курсовая_3_семестр\жд_станция\debug\history.obj
c:\users\user\source\repos\курсовая_3_семестр\жд_станция\debug\overloadings.obj
c:\users\user\source\repos\курсовая_3_семестр\жд_станция\debug\admin_mod_ticket.obj
c:\users\user\source\repos\курсовая_3_семестр\жд_станция\debug\admin_mod_station.obj
c:\users\user\source\repos\курсовая_3_семестр\жд_станция\debug\checkings.obj
c:\users\user\source\repos\курсовая_3_семестр\жд_станция\debug\console_settings.obj
c:\users\user\source\repos\курсовая_3_семестр\жд_станция\debug\accounts.obj
c:\users\user\source\repos\курсовая_3_семестр\жд_станция\debug\smartptr.obj
c:\users\user\source\repos\курсовая_3_семестр\жд_станция\debug\main.obj
c:\users\user\source\repos\курсовая_3_семестр\debug\жд_станция.pdb
c:\users\user\source\repos\курсовая_3_семестр\жд_станция\debug\жд_станция.tlog\cl.command.1.tlog
c:\users\user\source\repos\курсовая_3_семестр\жд_станция\debug\жд_станция.tlog\cl.read.1.tlog
c:\users\user\source\repos\курсовая_3_семестр\жд_станция\debug\жд_станция.tlog\cl.write.1.tlog
c:\users\user\source\repos\курсовая_3_семестр\жд_станция\debug\жд_станция.tlog\link-cvtres.read.1.tlog
c:\users\user\source\repos\курсовая_3_семестр\жд_станция\debug\жд_станция.tlog\link-cvtres.write.1.tlog
c:\users\user\source\repos\курсовая_3_семестр\жд_станция\debug\жд_станция.tlog\link-rc.read.1.tlog
c:\users\user\source\repos\курсовая_3_семестр\жд_станция\debug\жд_станция.tlog\link-rc.write.1.tlog
c:\users\user\source\repos\курсовая_3_семестр\жд_станция\debug\жд_станция.tlog\link.command.1.tlog
c:\users\user\source\repos\курсовая_3_семестр\жд_станция\debug\жд_станция.tlog\link.read.1.tlog
c:\users\user\source\repos\курсовая_3_семестр\жд_станция\debug\жд_станция.tlog\link.write.1.tlog
